{"contracts/Raffle.sol":{"l":{"62":3,"63":3,"64":3,"65":3,"66":3,"67":3,"68":3,"69":3,"75":4,"76":1,"78":3,"79":0,"81":3,"84":3,"107":1,"108":1,"109":1,"110":1,"111":1,"112":1,"122":1,"124":1,"125":0,"131":1,"132":1,"140":0,"157":0,"158":0,"159":0,"160":0,"161":0,"162":0,"163":0,"165":0,"166":0,"168":0,"174":1,"178":0,"182":0,"186":0,"190":1,"194":0,"198":5,"202":5,"206":0},"path":"/Users/air/Desktop/projects/blockchain/hardhat-smartcontract-lottery/contracts/Raffle.sol","s":{"1":4,"2":3,"3":3,"4":3,"5":1,"6":1,"7":1,"8":1,"9":1,"10":1,"11":1,"12":1,"13":0,"14":0,"15":0,"16":0,"17":0,"18":0,"19":1,"20":0,"21":0,"22":0,"23":1,"24":0,"25":5,"26":5,"27":0},"b":{"1":[1,3],"2":[0,3],"3":[0,1],"4":[0,0]},"f":{"1":3,"2":4,"3":1,"4":1,"5":0,"6":1,"7":0,"8":0,"9":0,"10":1,"11":0,"12":5,"13":5,"14":0},"fnMap":{"1":{"name":"constructor","line":61,"loc":{"start":{"line":54,"column":4},"end":{"line":70,"column":4}}},"2":{"name":"enterRaffle","line":72,"loc":{"start":{"line":72,"column":4},"end":{"line":85,"column":4}}},"3":{"name":"checkUpkeep","line":96,"loc":{"start":{"line":96,"column":4},"end":{"line":113,"column":4}}},"4":{"name":"performUpkeep","line":119,"loc":{"start":{"line":119,"column":4},"end":{"line":141,"column":4}}},"5":{"name":"fulfillRandomWords","line":147,"loc":{"start":{"line":147,"column":4},"end":{"line":169,"column":4}}},"6":{"name":"getRaffleState","line":173,"loc":{"start":{"line":173,"column":4},"end":{"line":175,"column":4}}},"7":{"name":"getNumWords","line":177,"loc":{"start":{"line":177,"column":4},"end":{"line":179,"column":4}}},"8":{"name":"getRequestConfirmations","line":181,"loc":{"start":{"line":181,"column":4},"end":{"line":183,"column":4}}},"9":{"name":"getRecentWinner","line":185,"loc":{"start":{"line":185,"column":4},"end":{"line":187,"column":4}}},"10":{"name":"getPlayer","line":189,"loc":{"start":{"line":189,"column":4},"end":{"line":191,"column":4}}},"11":{"name":"getLastTimeStamp","line":193,"loc":{"start":{"line":193,"column":4},"end":{"line":195,"column":4}}},"12":{"name":"getInterval","line":197,"loc":{"start":{"line":197,"column":4},"end":{"line":199,"column":4}}},"13":{"name":"getEntranceFee","line":201,"loc":{"start":{"line":201,"column":4},"end":{"line":203,"column":4}}},"14":{"name":"getNumberOfPlayers","line":205,"loc":{"start":{"line":205,"column":4},"end":{"line":207,"column":4}}}},"statementMap":{"1":{"start":{"line":75,"column":8},"end":{"line":75,"column":2512}},"2":{"start":{"line":78,"column":8},"end":{"line":78,"column":2615}},"3":{"start":{"line":81,"column":8},"end":{"line":81,"column":42}},"4":{"start":{"line":84,"column":8},"end":{"line":84,"column":36}},"5":{"start":{"line":107,"column":8},"end":{"line":107,"column":55}},"6":{"start":{"line":108,"column":8},"end":{"line":108,"column":76}},"7":{"start":{"line":109,"column":8},"end":{"line":109,"column":46}},"8":{"start":{"line":110,"column":8},"end":{"line":110,"column":51}},"9":{"start":{"line":112,"column":8},"end":{"line":112,"column":36}},"10":{"start":{"line":122,"column":8},"end":{"line":122,"column":47}},"11":{"start":{"line":124,"column":8},"end":{"line":124,"column":4279}},"12":{"start":{"line":132,"column":8},"end":{"line":132,"column":4539}},"13":{"start":{"line":140,"column":8},"end":{"line":140,"column":45}},"14":{"start":{"line":157,"column":8},"end":{"line":157,"column":65}},"15":{"start":{"line":158,"column":8},"end":{"line":158,"column":63}},"16":{"start":{"line":163,"column":8},"end":{"line":163,"column":78}},"17":{"start":{"line":165,"column":8},"end":{"line":165,"column":5713}},"18":{"start":{"line":168,"column":8},"end":{"line":168,"column":39}},"19":{"start":{"line":174,"column":8},"end":{"line":174,"column":28}},"20":{"start":{"line":178,"column":8},"end":{"line":178,"column":24}},"21":{"start":{"line":182,"column":8},"end":{"line":182,"column":36}},"22":{"start":{"line":186,"column":8},"end":{"line":186,"column":29}},"23":{"start":{"line":190,"column":8},"end":{"line":190,"column":31}},"24":{"start":{"line":194,"column":8},"end":{"line":194,"column":30}},"25":{"start":{"line":198,"column":8},"end":{"line":198,"column":25}},"26":{"start":{"line":202,"column":8},"end":{"line":202,"column":28}},"27":{"start":{"line":206,"column":8},"end":{"line":206,"column":31}}},"branchMap":{"1":{"line":75,"type":"if","locations":[{"start":{"line":75,"column":8},"end":{"line":75,"column":8}},{"start":{"line":75,"column":8},"end":{"line":75,"column":8}}]},"2":{"line":78,"type":"if","locations":[{"start":{"line":78,"column":8},"end":{"line":78,"column":8}},{"start":{"line":78,"column":8},"end":{"line":78,"column":8}}]},"3":{"line":124,"type":"if","locations":[{"start":{"line":124,"column":8},"end":{"line":124,"column":8}},{"start":{"line":124,"column":8},"end":{"line":124,"column":8}}]},"4":{"line":165,"type":"if","locations":[{"start":{"line":165,"column":8},"end":{"line":165,"column":8}},{"start":{"line":165,"column":8},"end":{"line":165,"column":8}}]}}},"contracts/test/VRFCoordinatorV2Mock.sol":{"l":{},"path":"/Users/air/Desktop/projects/blockchain/hardhat-smartcontract-lottery/contracts/test/VRFCoordinatorV2Mock.sol","s":{},"b":{},"f":{},"fnMap":{},"statementMap":{},"branchMap":{}}}